2025-01-20 17:23:33,540 [INFO] select pg_catalog.version()
2025-01-20 17:23:33,542 [INFO] [raw sql] {}
2025-01-20 17:23:33,546 [INFO] select current_schema()
2025-01-20 17:23:33,547 [INFO] [raw sql] {}
2025-01-20 17:23:33,568 [INFO] show standard_conforming_strings
2025-01-20 17:23:33,569 [INFO] [raw sql] {}
2025-01-20 17:24:23,268 [INFO] select pg_catalog.version()
2025-01-20 17:24:23,269 [INFO] [raw sql] {}
2025-01-20 17:24:23,271 [INFO] select current_schema()
2025-01-20 17:24:23,273 [INFO] [raw sql] {}
2025-01-20 17:24:23,276 [INFO] show standard_conforming_strings
2025-01-20 17:24:23,277 [INFO] [raw sql] {}
2025-01-20 17:24:23,280 [INFO] BEGIN (implicit)
2025-01-20 17:24:23,304 [INFO] SELECT pg_catalog.pg_class.relname 
FROM pg_catalog.pg_class JOIN pg_catalog.pg_namespace ON pg_catalog.pg_namespace.oid = pg_catalog.pg_class.relnamespace 
WHERE pg_catalog.pg_class.relname = %(table_name)s AND pg_catalog.pg_class.relkind = ANY (ARRAY[%(param_1)s, %(param_2)s, %(param_3)s, %(param_4)s, %(param_5)s]) AND pg_catalog.pg_table_is_visible(pg_catalog.pg_class.oid) AND pg_catalog.pg_namespace.nspname != %(nspname_1)s
2025-01-20 17:24:23,306 [INFO] [generated in 0.00194s] {'table_name': 'produtos', 'param_1': 'r', 'param_2': 'p', 'param_3': 'f', 'param_4': 'v', 'param_5': 'm', 'nspname_1': 'pg_catalog'}
2025-01-20 17:24:23,353 [INFO] SELECT pg_catalog.pg_class.relname 
FROM pg_catalog.pg_class JOIN pg_catalog.pg_namespace ON pg_catalog.pg_namespace.oid = pg_catalog.pg_class.relnamespace 
WHERE pg_catalog.pg_class.relname = %(table_name)s AND pg_catalog.pg_class.relkind = ANY (ARRAY[%(param_1)s, %(param_2)s, %(param_3)s, %(param_4)s, %(param_5)s]) AND pg_catalog.pg_table_is_visible(pg_catalog.pg_class.oid) AND pg_catalog.pg_namespace.nspname != %(nspname_1)s
2025-01-20 17:24:23,357 [INFO] [cached since 0.05359s ago] {'table_name': 'clientes', 'param_1': 'r', 'param_2': 'p', 'param_3': 'f', 'param_4': 'v', 'param_5': 'm', 'nspname_1': 'pg_catalog'}
2025-01-20 17:24:23,362 [INFO] 
CREATE TABLE produtos (
	"ID_Produto" SERIAL NOT NULL, 
	nome VARCHAR(50) NOT NULL, 
	valor_unitario FLOAT NOT NULL, 
	PRIMARY KEY ("ID_Produto")
)


2025-01-20 17:24:23,364 [INFO] [no key 0.00178s] {}
2025-01-20 17:24:23,995 [INFO] 
CREATE TABLE clientes (
	"ID_Cliente" SERIAL NOT NULL, 
	programa_fidelidade VARCHAR(11), 
	PRIMARY KEY ("ID_Cliente")
)


2025-01-20 17:24:23,997 [INFO] [no key 0.00213s] {}
2025-01-20 17:24:24,010 [INFO] COMMIT
2025-01-20 18:17:51,450 [INFO] select pg_catalog.version()
2025-01-20 18:17:51,538 [INFO] [raw sql] {}
2025-01-20 18:17:51,617 [INFO] select current_schema()
2025-01-20 18:17:51,618 [INFO] [raw sql] {}
2025-01-20 18:17:51,622 [INFO] show standard_conforming_strings
2025-01-20 18:17:51,623 [INFO] [raw sql] {}
2025-01-20 18:17:51,638 [INFO] BEGIN (implicit)
2025-01-20 18:17:51,889 [INFO] SELECT pg_catalog.pg_class.relname 
FROM pg_catalog.pg_class JOIN pg_catalog.pg_namespace ON pg_catalog.pg_namespace.oid = pg_catalog.pg_class.relnamespace 
WHERE pg_catalog.pg_class.relname = %(table_name)s AND pg_catalog.pg_class.relkind = ANY (ARRAY[%(param_1)s, %(param_2)s, %(param_3)s, %(param_4)s, %(param_5)s]) AND pg_catalog.pg_table_is_visible(pg_catalog.pg_class.oid) AND pg_catalog.pg_namespace.nspname != %(nspname_1)s
2025-01-20 18:17:51,890 [INFO] [generated in 0.01352s] {'table_name': 'produtos', 'param_1': 'r', 'param_2': 'p', 'param_3': 'f', 'param_4': 'v', 'param_5': 'm', 'nspname_1': 'pg_catalog'}
2025-01-20 18:17:51,897 [INFO] SELECT pg_catalog.pg_class.relname 
FROM pg_catalog.pg_class JOIN pg_catalog.pg_namespace ON pg_catalog.pg_namespace.oid = pg_catalog.pg_class.relnamespace 
WHERE pg_catalog.pg_class.relname = %(table_name)s AND pg_catalog.pg_class.relkind = ANY (ARRAY[%(param_1)s, %(param_2)s, %(param_3)s, %(param_4)s, %(param_5)s]) AND pg_catalog.pg_table_is_visible(pg_catalog.pg_class.oid) AND pg_catalog.pg_namespace.nspname != %(nspname_1)s
2025-01-20 18:17:51,898 [INFO] [cached since 0.02191s ago] {'table_name': 'clientes', 'param_1': 'r', 'param_2': 'p', 'param_3': 'f', 'param_4': 'v', 'param_5': 'm', 'nspname_1': 'pg_catalog'}
2025-01-20 18:17:51,931 [INFO] COMMIT
