2025-01-23 14:25:41,933 - INFO - Configurações carregadas com sucesso.
2025-01-23 14:25:46,849 - INFO - Iniciando a requisição: GET - http://localhost:8000/atributos?entidade=produtos&id=4
2025-01-23 14:25:46,852 - INFO - Iniciando consulta de atributos para a entidade: produtos
2025-01-23 14:25:46,877 - ERROR - Atributo 'id' não existe na entidade 'produtos'
2025-01-23 14:25:46,879 - INFO - Requisição concluída: GET - http://localhost:8000/atributos?entidade=produtos&id=4 = Status: 400
2025-01-23 14:26:00,242 - INFO - Iniciando a requisição: GET - http://localhost:8000/atributos?entidade=produtos&ID_Produto=4
2025-01-23 14:26:00,244 - INFO - Iniciando consulta de atributos para a entidade: produtos
2025-01-23 14:26:00,921 - INFO - Consulta de atributos para a entidade 'produtos' concluída com sucesso.
2025-01-23 14:26:00,923 - INFO - Requisição concluída: GET - http://localhost:8000/atributos?entidade=produtos&ID_Produto=4 = Status: 200
2025-01-23 14:26:29,643 - INFO - Iniciando a requisição: GET - http://localhost:8000/atributos?entidade=produtos&nome=Arroz%205%20Kg
2025-01-23 14:26:29,654 - INFO - Iniciando consulta de atributos para a entidade: produtos
2025-01-23 14:26:29,764 - WARNING - Nenhum resultado encontrado para a entidade 'produtos' com os filtros fornecidos.
2025-01-23 14:26:29,766 - INFO - Requisição concluída: GET - http://localhost:8000/atributos?entidade=produtos&nome=Arroz%205%20Kg = Status: 404
2025-01-23 14:26:47,294 - INFO - Iniciando a requisição: GET - http://localhost:8000/produtos/
2025-01-23 14:26:47,301 - INFO - Requisição concluída: GET - http://localhost:8000/produtos/ = Status: 200
2025-01-23 14:26:55,871 - INFO - Iniciando a requisição: GET - http://localhost:8000/atributos?entidade=produtos&nome=Arroz%205Kg
2025-01-23 14:26:55,873 - INFO - Iniciando consulta de atributos para a entidade: produtos
2025-01-23 14:26:55,875 - WARNING - Nenhum resultado encontrado para a entidade 'produtos' com os filtros fornecidos.
2025-01-23 14:26:55,876 - INFO - Requisição concluída: GET - http://localhost:8000/atributos?entidade=produtos&nome=Arroz%205Kg = Status: 404
2025-01-23 14:27:00,864 - INFO - Iniciando a requisição: GET - http://localhost:8000/atributos?entidade=produtos&nome=%22Arroz%205Kg%22
2025-01-23 14:27:00,866 - INFO - Iniciando consulta de atributos para a entidade: produtos
2025-01-23 14:27:00,868 - WARNING - Nenhum resultado encontrado para a entidade 'produtos' com os filtros fornecidos.
2025-01-23 14:27:00,869 - INFO - Requisição concluída: GET - http://localhost:8000/atributos?entidade=produtos&nome=%22Arroz%205Kg%22 = Status: 404
2025-01-23 14:27:37,824 - INFO - Iniciando a requisição: GET - http://localhost:8000/produtos/
2025-01-23 14:27:37,828 - INFO - Requisição concluída: GET - http://localhost:8000/produtos/ = Status: 200
2025-01-23 14:27:52,435 - INFO - Iniciando a requisição: GET - http://localhost:8000/atributos?entidade=produtos&nome=Arroz%205k
2025-01-23 14:27:52,438 - INFO - Iniciando consulta de atributos para a entidade: produtos
2025-01-23 14:27:52,439 - WARNING - Nenhum resultado encontrado para a entidade 'produtos' com os filtros fornecidos.
2025-01-23 14:27:52,441 - INFO - Requisição concluída: GET - http://localhost:8000/atributos?entidade=produtos&nome=Arroz%205k = Status: 404
2025-01-23 14:27:59,079 - INFO - Iniciando a requisição: GET - http://localhost:8000/atributos?entidade=produtos&nome=Arroz%205kg
2025-01-23 14:27:59,081 - INFO - Iniciando consulta de atributos para a entidade: produtos
2025-01-23 14:27:59,082 - INFO - Consulta de atributos para a entidade 'produtos' concluída com sucesso.
2025-01-23 14:27:59,084 - INFO - Requisição concluída: GET - http://localhost:8000/atributos?entidade=produtos&nome=Arroz%205kg = Status: 200
